<?xml version="1.0" encoding="UTF-8"?>
<!-- Generated by org.testng.reporters.JUnitReportReporter -->
<testsuite hostname="oodle00330" failures="0" tests="5" name="testcases.ReadExcelDataTest" time="0.013" errors="0" timestamp="2020-12-30T10:40:02 GMT" skipped="0">
  <testcase classname="testcases.ReadExcelDataTest" name="getTestData" time="0.008"/>
  <system-out/>
  <testcase classname="testcases.ReadExcelDataTest" name="getTestData" time="0.001"/>
  <system-out/>
  <testcase classname="testcases.ReadExcelDataTest" name="getTestData" time="0.001"/>
  <system-out/>
  <testcase classname="testcases.ReadExcelDataTest" name="getTestData" time="0.002"/>
  <system-out/>
  <testcase classname="testcases.ReadExcelDataTest" name="getTestData" time="0.001"/>
  <system-out/>
</testsuite> <!-- testcases.ReadExcelDataTest -->
